<?xml version="1.0" encoding="UTF-8"?>
<!-- Generated by org.testng.reporters.JUnitXMLReporter -->
<testsuite hostname="AJAYK" name="Test" tests="1" failures="1" timestamp="11 Sep 2014 15:06:32 GMT" time="14.357" errors="0">
  <testcase name="browse_flipkart" time="0.002" classname="test.java.resources.OpenPositions">
    <failure type="java.lang.NullPointerException">
      <![CDATA[java.lang.NullPointerException
	at test.java.resources.flipkart_HomePage.browse_flipkart(flipkart_HomePage.java:36)
... Removed 23 stack frames]]>
    </failure>
  </testcase> <!-- browse_flipkart -->
</testsuite> <!-- Test -->
