<?xml version="1.0" encoding="UTF-8"?>
<testng-results skipped="0" failed="1" total="1" passed="0">
  <reporter-output>
    <line>
      <![CDATA[entered BeforeTest firefox]]>
    </line>
  </reporter-output>
  <suite name="Suite" duration-ms="14357" started-at="2014-09-11T15:06:17Z" finished-at="2014-09-11T15:06:32Z">
    <groups>
    </groups>
    <test name="Test" duration-ms="14357" started-at="2014-09-11T15:06:17Z" finished-at="2014-09-11T15:06:32Z">
      <class name="test.java.resources.OpenPositions">
        <test-method status="PASS" signature="initialize()[pri:0, instance:test.java.resources.OpenPositions@f94934]" name="initialize" is-config="true" duration-ms="11" started-at="2014-09-11T20:36:17Z" finished-at="2014-09-11T20:36:17Z">
          <reporter-output>
          </reporter-output>
        </test-method> <!-- initialize -->
        <test-method status="PASS" signature="beforeMethod()[pri:0, instance:test.java.resources.OpenPositions@f94934]" name="beforeMethod" is-config="true" duration-ms="14345" started-at="2014-09-11T20:36:17Z" finished-at="2014-09-11T20:36:32Z">
          <reporter-output>
            <line>
              <![CDATA[entered BeforeTest firefox]]>
            </line>
          </reporter-output>
        </test-method> <!-- beforeMethod -->
        <test-method status="FAIL" signature="browse_flipkart()[pri:0, instance:test.java.resources.OpenPositions@f94934]" name="browse_flipkart" duration-ms="2" started-at="2014-09-11T20:36:32Z" finished-at="2014-09-11T20:36:32Z">
          <exception class="java.lang.NullPointerException">
            <full-stacktrace>
              <![CDATA[java.lang.NullPointerException
	at test.java.resources.flipkart_HomePage.browse_flipkart(flipkart_HomePage.java:36)
	at sun.reflect.NativeMethodAccessorImpl.invoke0(Native Method)
	at sun.reflect.NativeMethodAccessorImpl.invoke(NativeMethodAccessorImpl.java:57)
	at sun.reflect.DelegatingMethodAccessorImpl.invoke(DelegatingMethodAccessorImpl.java:43)
	at java.lang.reflect.Method.invoke(Method.java:606)
	at org.testng.internal.MethodInvocationHelper.invokeMethod(MethodInvocationHelper.java:84)
	at org.testng.internal.Invoker.invokeMethod(Invoker.java:714)
	at org.testng.internal.Invoker.invokeTestMethod(Invoker.java:901)
	at org.testng.internal.Invoker.invokeTestMethods(Invoker.java:1231)
	at org.testng.internal.TestMethodWorker.invokeTestMethods(TestMethodWorker.java:127)
	at org.testng.internal.TestMethodWorker.run(TestMethodWorker.java:111)
	at org.testng.TestRunner.privateRun(TestRunner.java:767)
	at org.testng.TestRunner.run(TestRunner.java:617)
	at org.testng.SuiteRunner.runTest(SuiteRunner.java:334)
	at org.testng.SuiteRunner.runSequentially(SuiteRunner.java:329)
	at org.testng.SuiteRunner.privateRun(SuiteRunner.java:291)
	at org.testng.SuiteRunner.run(SuiteRunner.java:240)
	at org.testng.SuiteRunnerWorker.runSuite(SuiteRunnerWorker.java:52)
	at org.testng.SuiteRunnerWorker.run(SuiteRunnerWorker.java:86)
	at org.testng.TestNG.runSuitesSequentially(TestNG.java:1224)
	at org.testng.TestNG.runSuitesLocally(TestNG.java:1149)
	at org.testng.TestNG.run(TestNG.java:1057)
	at org.testng.TestNG.privateMain(TestNG.java:1364)
	at org.testng.TestNG.main(TestNG.java:1333)
]]>
            </full-stacktrace>
          </exception> <!-- java.lang.NullPointerException -->
          <reporter-output>
          </reporter-output>
        </test-method> <!-- browse_flipkart -->
      </class> <!-- test.java.resources.OpenPositions -->
    </test> <!-- Test -->
  </suite> <!-- Suite -->
</testng-results>
